2023-04-26 19:23:22,185 [INFO] Activator:176 - 


2023-04-26 19:23:22,196 [INFO] Activator:177 - !SESSION log4j initialized
2023-04-26 19:23:32,993 [INFO] LogOutputStream:77 - [STDOUT_REDIRECT] 
2023-04-26 19:23:42,383 [INFO] ApplicationProperties:184 - Using Application install path: C:\ST\STM32CubeIDE_1.12.0\STM32CubeIDE\plugins\com.st.stm32cube.common.mx_6.8.0.202302231600
2023-04-26 19:23:42,421 [INFO] DbMcusXml:78 - Set database path to: C:\ST\STM32CubeIDE_1.12.0\STM32CubeIDE\plugins\com.st.stm32cube.common.mx_6.8.0.202302231600\\db\/mcu/
2023-04-26 19:23:42,422 [INFO] ApiDb:274 - Set plugin database path to: C:\ST\STM32CubeIDE_1.12.0\STM32CubeIDE\plugins\com.st.stm32cube.common.mx_6.8.0.202302231600\\db\/plugins/boardmanager/
2023-04-26 19:23:42,426 [WARN] ApiDb:259 - Overriding images path with different value:  => C:\ST\STM32CubeIDE_1.12.0\STM32CubeIDE\plugins\com.st.stm32cube.common.mx_6.8.0.202302231600\\db\/plugins/mcufinder/images/
2023-04-26 19:23:42,466 [INFO] ApiDb:250 - Set database path to: C:\Users\kking\.stmcufinder\plugins\mcufinder//mcu/
2023-04-26 19:23:42,469 [INFO] DbMcusAds:125 - Set database path to: C:\Users\kking\.stmcufinder\plugins\mcufinder//mcu/
2023-04-26 19:23:42,474 [INFO] CrossReferenceDbSqlite:203 - Set database path to: C:\Users\kking\.stmcufinder\plugins\mcufinder//mcu/cs/
2023-04-26 19:23:42,697 [INFO] RulesReader:64 - Compatibility file has been processed (293 Rules)
2023-04-26 19:23:42,895 [INFO] DbMcusXml:78 - Set database path to: C:\ST\STM32CubeIDE_1.12.0\STM32CubeIDE\plugins\com.st.stm32cube.common.mx_6.8.0.202302231600\\db\/mcu/
2023-04-26 19:23:42,895 [INFO] ApiDb:274 - Set plugin database path to: C:\ST\STM32CubeIDE_1.12.0\STM32CubeIDE\plugins\com.st.stm32cube.common.mx_6.8.0.202302231600\\db\/plugins/boardmanager/
2023-04-26 19:23:42,896 [INFO] ApiDb:261 - Set plugin images path to: C:\ST\STM32CubeIDE_1.12.0\STM32CubeIDE\plugins\com.st.stm32cube.common.mx_6.8.0.202302231600\\db\/plugins/mcufinder/images/
2023-04-26 19:23:42,896 [WARN] DbFile:41 - Overriding database path with different value: C:\Users\kking\.stmcufinder\plugins\mcufinder/ => C:\Users\kking\.stmcufinder\plugins\mcufinder
2023-04-26 19:23:42,896 [INFO] ApiDb:250 - Set database path to: C:\Users\kking\.stmcufinder\plugins\mcufinder//mcu/
2023-04-26 19:23:42,896 [WARN] DbFile:41 - Overriding database path with different value: C:\Users\kking\.stmcufinder\plugins\mcufinder/ => C:\Users\kking\.stmcufinder\plugins\mcufinder
2023-04-26 19:23:42,896 [INFO] DbMcusAds:125 - Set database path to: C:\Users\kking\.stmcufinder\plugins\mcufinder//mcu/
2023-04-26 19:23:42,896 [WARN] DbFile:41 - Overriding database path with different value: C:\Users\kking\.stmcufinder\plugins\mcufinder/ => C:\Users\kking\.stmcufinder\plugins\mcufinder
2023-04-26 19:23:42,897 [WARN] DbFile:41 - Overriding database path with different value: C:\Users\kking\.stmcufinder\plugins\mcufinder/ => C:\Users\kking\.stmcufinder\plugins\mcufinder
2023-04-26 19:23:42,897 [INFO] CrossReferenceDbSqlite:203 - Set database path to: C:\Users\kking\.stmcufinder\plugins\mcufinder//mcu/cs/
2023-04-26 19:23:43,037 [INFO] MainPanel:253 - HeapMemory: 268435456
2023-04-26 19:23:43,228 [INFO] DbMcusXml:78 - Set database path to: C:\ST\STM32CubeIDE_1.12.0\STM32CubeIDE\plugins\com.st.stm32cube.common.mx_6.8.0.202302231600\\db\/mcu/
2023-04-26 19:23:43,228 [INFO] ApiDb:274 - Set plugin database path to: C:\ST\STM32CubeIDE_1.12.0\STM32CubeIDE\plugins\com.st.stm32cube.common.mx_6.8.0.202302231600\\db\/plugins/boardmanager/
2023-04-26 19:23:43,228 [INFO] ApiDb:261 - Set plugin images path to: C:\ST\STM32CubeIDE_1.12.0\STM32CubeIDE\plugins\com.st.stm32cube.common.mx_6.8.0.202302231600\\db\/plugins/mcufinder/images/
2023-04-26 19:23:43,229 [WARN] DbFile:41 - Overriding database path with different value: C:\Users\kking\.stmcufinder\plugins\mcufinder/ => C:\Users\kking\.stmcufinder\plugins\mcufinder
2023-04-26 19:23:43,229 [INFO] ApiDb:250 - Set database path to: C:\Users\kking\.stmcufinder\plugins\mcufinder//mcu/
2023-04-26 19:23:43,229 [WARN] DbFile:41 - Overriding database path with different value: C:\Users\kking\.stmcufinder\plugins\mcufinder/ => C:\Users\kking\.stmcufinder\plugins\mcufinder
2023-04-26 19:23:43,229 [INFO] DbMcusAds:125 - Set database path to: C:\Users\kking\.stmcufinder\plugins\mcufinder//mcu/
2023-04-26 19:23:43,229 [WARN] DbFile:41 - Overriding database path with different value: C:\Users\kking\.stmcufinder\plugins\mcufinder/ => C:\Users\kking\.stmcufinder\plugins\mcufinder
2023-04-26 19:23:43,230 [WARN] DbFile:41 - Overriding database path with different value: C:\Users\kking\.stmcufinder\plugins\mcufinder/ => C:\Users\kking\.stmcufinder\plugins\mcufinder
2023-04-26 19:23:43,230 [INFO] CrossReferenceDbSqlite:203 - Set database path to: C:\Users\kking\.stmcufinder\plugins\mcufinder//mcu/cs/
2023-04-26 19:23:43,260 [INFO] ApplicationProperties:184 - Using Application install path: C:\ST\STM32CubeIDE_1.12.0\STM32CubeIDE\plugins\com.st.stm32cube.common.mx_6.8.0.202302231600
2023-04-26 19:23:43,263 [INFO] PluginManage:196 - Search for loadable plugins [exclusion list=, ]
2023-04-26 19:23:43,267 [INFO] PluginManage:310 - Check plugin analytics
2023-04-26 19:23:43,521 [INFO] AnalyticsPlugin:253 - Accepted Software Licenses: STM32CubeMX.6.8.0
2023-04-26 19:23:43,522 [INFO] AnalyticsPlugin:255 - Accepted CMSIS Pack Licenses: 
2023-04-26 19:23:43,522 [INFO] AnalyticsPlugin:257 - Accepted Firmware Licenses: 
2023-04-26 19:23:43,543 [INFO] PluginManage:359 - Loaded plugin analytics (category:tool,tabindex:-1)
2023-04-26 19:23:43,544 [INFO] PluginManage:310 - Check plugin cadmodel
2023-04-26 19:23:43,579 [INFO] CADModel:105 - Init CAD model plugin
2023-04-26 19:23:43,580 [INFO] PluginManage:359 - Loaded plugin cadmodel (category:power,tabindex:5)
2023-04-26 19:23:43,580 [INFO] PluginManage:310 - Check plugin clock
2023-04-26 19:23:43,620 [INFO] PluginManage:359 - Loaded plugin clock (category:base,tabindex:2)
2023-04-26 19:23:43,621 [INFO] PluginManage:310 - Check plugin ddr
2023-04-26 19:23:43,627 [INFO] PluginManage:359 - Loaded plugin ddr (category:tool,tabindex:6)
2023-04-26 19:23:43,628 [INFO] PluginManage:310 - Check plugin filemanager
2023-04-26 19:23:43,830 [INFO] PluginManage:359 - Loaded plugin filemanager (category:base,tabindex:10)
2023-04-26 19:23:43,830 [INFO] PluginManage:310 - Check plugin ipmanager
2023-04-26 19:23:43,846 [INFO] PluginManage:359 - Loaded plugin ipmanager (category:base,tabindex:5)
2023-04-26 19:23:43,846 [INFO] PluginManage:310 - Check plugin lpbam
2023-04-26 19:23:43,875 [INFO] PluginManage:359 - Loaded plugin lpbam (category:base,tabindex:0)
2023-04-26 19:23:43,875 [INFO] PluginManage:310 - Check plugin pinoutandconfiguration
2023-04-26 19:23:43,903 [INFO] PluginManage:359 - Loaded plugin pinoutandconfiguration (category:base,tabindex:1)
2023-04-26 19:23:43,903 [INFO] PluginManage:310 - Check plugin pinoutconfig
2023-04-26 19:23:44,069 [WARN] SupportedApi:132 - Cannot load RTOS API schema: s4s-elt-must-match.1: The content of 'definitions' must match (annotation?, (simpleType | complexType)?, (unique | key | keyref)*)). A problem was found starting at: attribute.
2023-04-26 19:23:44,303 [INFO] PluginManage:359 - Loaded plugin pinoutconfig (category:base,tabindex:0)
2023-04-26 19:23:44,303 [INFO] PluginManage:310 - Check plugin power
2023-04-26 19:23:44,348 [INFO] PluginManage:359 - Loaded plugin power (category:power,tabindex:4)
2023-04-26 19:23:44,348 [INFO] PluginManage:310 - Check plugin projectmanager
2023-04-26 19:23:44,387 [INFO] PluginManage:359 - Loaded plugin projectmanager (category:projectmanager,tabindex:3)
2023-04-26 19:23:44,388 [INFO] PluginManage:310 - Check plugin thirdparty
2023-04-26 19:23:44,764 [INFO] PluginManage:359 - Loaded plugin thirdparty (category:base,tabindex:-1)
2023-04-26 19:23:44,764 [INFO] PluginManage:310 - Check plugin tools
2023-04-26 19:23:44,764 [WARN] IntegrityCheckThread:84 - waiting for thirdparty lock release [integrity check]
2023-04-26 19:23:44,765 [INFO] IntegrityCheckThread:86 - entering critical section [integrity check]
2023-04-26 19:23:44,767 [INFO] ThirdPartyUpdaterWithRetryManager:70 - Updater plugin not ready yet. [1/15]
2023-04-26 19:23:44,800 [INFO] PluginManage:359 - Loaded plugin tools (category:base,tabindex:7)
2023-04-26 19:23:44,800 [INFO] PluginManage:310 - Check plugin tutovideos
2023-04-26 19:23:45,097 [INFO] PluginManage:359 - Loaded plugin tutovideos (category:base,tabindex:-1)
2023-04-26 19:23:45,097 [INFO] PluginManage:310 - Check plugin updater
2023-04-26 19:23:45,122 [INFO] PluginManage:359 - Loaded plugin updater (category:base,tabindex:12)
2023-04-26 19:23:45,123 [INFO] PluginManage:283 - PluginManage : Loaded plugins [15]
2023-04-26 19:23:45,639 [INFO] PinOutPanel:1499 - setPackage(No Configuration,No Configuration)
2023-04-26 19:23:45,785 [INFO] CADModel:165 - CPN selected for project level
2023-04-26 19:23:45,785 [INFO] CADModel:114 - Register for checkConnection events
2023-04-26 19:23:45,836 [INFO] IPUIPlugin:80 - create IPUIPlugin
2023-04-26 19:23:45,837 [INFO] PluginManager:220 - loadIPPluginJar : add adc
2023-04-26 19:23:45,881 [INFO] IPUIPlugin:80 - create IPUIPlugin
2023-04-26 19:23:45,882 [INFO] PluginManager:220 - loadIPPluginJar : add aes
2023-04-26 19:23:45,934 [INFO] IPUIPlugin:80 - create IPUIPlugin
2023-04-26 19:23:45,934 [INFO] PluginManager:220 - loadIPPluginJar : add can
2023-04-26 19:23:45,965 [INFO] IPUIPlugin:80 - create IPUIPlugin
2023-04-26 19:23:45,965 [INFO] PluginManager:220 - loadIPPluginJar : add comp
2023-04-26 19:23:46,010 [INFO] IPUIPlugin:80 - create IPUIPlugin
2023-04-26 19:23:46,011 [INFO] PluginManager:220 - loadIPPluginJar : add cryp
2023-04-26 19:23:46,050 [INFO] IPUIPlugin:80 - create IPUIPlugin
2023-04-26 19:23:46,051 [INFO] PluginManager:220 - loadIPPluginJar : add dfsdm
2023-04-26 19:23:46,075 [INFO] IPUIPlugin:80 - create IPUIPlugin
2023-04-26 19:23:46,076 [INFO] PluginManager:220 - loadIPPluginJar : add dma
2023-04-26 19:23:46,130 [INFO] IPUIPlugin:80 - create IPUIPlugin
2023-04-26 19:23:46,131 [INFO] PluginManager:220 - loadIPPluginJar : add dma3
2023-04-26 19:23:46,159 [INFO] IPUIPlugin:80 - create IPUIPlugin
2023-04-26 19:23:46,160 [INFO] PluginManager:220 - loadIPPluginJar : add fatfs
2023-04-26 19:23:46,226 [INFO] IPUIPlugin:80 - create IPUIPlugin
2023-04-26 19:23:46,226 [INFO] PluginManager:220 - loadIPPluginJar : add fmc
2023-04-26 19:23:46,250 [INFO] IPUIPlugin:80 - create IPUIPlugin
2023-04-26 19:23:46,250 [INFO] PluginManager:220 - loadIPPluginJar : add freertos
2023-04-26 19:23:46,276 [INFO] IPUIPlugin:80 - create IPUIPlugin
2023-04-26 19:23:46,276 [INFO] PluginManager:220 - loadIPPluginJar : add genericplugin
2023-04-26 19:23:46,394 [INFO] IPUIPlugin:80 - create IPUIPlugin
2023-04-26 19:23:46,395 [INFO] PluginManager:220 - loadIPPluginJar : add gfxmmu
2023-04-26 19:23:46,573 [INFO] IPUIPlugin:80 - create IPUIPlugin
2023-04-26 19:23:46,573 [INFO] PluginManager:220 - loadIPPluginJar : add gic
2023-04-26 19:23:46,592 [INFO] IPUIPlugin:80 - create IPUIPlugin
2023-04-26 19:23:46,592 [INFO] PluginManager:220 - loadIPPluginJar : add gpio
2023-04-26 19:23:46,712 [INFO] IPUIPlugin:80 - create IPUIPlugin
2023-04-26 19:23:46,712 [INFO] PluginManager:220 - loadIPPluginJar : add gtzc
2023-04-26 19:23:46,759 [INFO] IPUIPlugin:80 - create IPUIPlugin
2023-04-26 19:23:46,759 [INFO] PluginManager:220 - loadIPPluginJar : add hash
2023-04-26 19:23:46,840 [INFO] IPUIPlugin:80 - create IPUIPlugin
2023-04-26 19:23:46,841 [INFO] PluginManager:220 - loadIPPluginJar : add i2c
2023-04-26 19:23:46,895 [INFO] IPUIPlugin:80 - create IPUIPlugin
2023-04-26 19:23:46,896 [INFO] PluginManager:220 - loadIPPluginJar : add i2s
2023-04-26 19:23:46,972 [INFO] IPUIPlugin:80 - create IPUIPlugin
2023-04-26 19:23:46,973 [INFO] PluginManager:220 - loadIPPluginJar : add i3c
2023-04-26 19:23:47,160 [INFO] IPUIPlugin:80 - create IPUIPlugin
2023-04-26 19:23:47,160 [INFO] PluginManager:220 - loadIPPluginJar : add ipddr
2023-04-26 19:23:47,277 [INFO] IPUIPlugin:80 - create IPUIPlugin
2023-04-26 19:23:47,277 [INFO] PluginManager:220 - loadIPPluginJar : add linkedlist
2023-04-26 19:23:47,326 [INFO] IPUIPlugin:80 - create IPUIPlugin
2023-04-26 19:23:47,326 [INFO] PluginManager:220 - loadIPPluginJar : add lorawan
2023-04-26 19:23:47,370 [INFO] IPUIPlugin:80 - create IPUIPlugin
2023-04-26 19:23:47,370 [INFO] PluginManager:220 - loadIPPluginJar : add ltdc
2023-04-26 19:23:47,390 [INFO] IPUIPlugin:80 - create IPUIPlugin
2023-04-26 19:23:47,390 [INFO] PluginManager:220 - loadIPPluginJar : add mdma
2023-04-26 19:23:47,408 [INFO] IPUIPlugin:80 - create IPUIPlugin
2023-04-26 19:23:47,408 [INFO] PluginManager:220 - loadIPPluginJar : add nvic
2023-04-26 19:23:47,458 [INFO] IPUIPlugin:80 - create IPUIPlugin
2023-04-26 19:23:47,458 [INFO] PluginManager:220 - loadIPPluginJar : add opamp
2023-04-26 19:23:47,539 [INFO] IPUIPlugin:80 - create IPUIPlugin
2023-04-26 19:23:47,539 [INFO] PluginManager:220 - loadIPPluginJar : add openamp
2023-04-26 19:23:47,595 [INFO] IPUIPlugin:80 - create IPUIPlugin
2023-04-26 19:23:47,595 [INFO] PluginManager:220 - loadIPPluginJar : add pdm2pcm
2023-04-26 19:23:47,618 [INFO] IPUIPlugin:80 - create IPUIPlugin
2023-04-26 19:23:47,623 [INFO] PluginManager:220 - loadIPPluginJar : add plateformsettings
2023-04-26 19:23:47,654 [INFO] IPUIPlugin:80 - create IPUIPlugin
2023-04-26 19:23:47,654 [INFO] PluginManager:220 - loadIPPluginJar : add quadspi
2023-04-26 19:23:47,671 [INFO] IPUIPlugin:80 - create IPUIPlugin
2023-04-26 19:23:47,671 [INFO] PluginManager:220 - loadIPPluginJar : add resmgrutility
2023-04-26 19:23:47,730 [INFO] IPUIPlugin:80 - create IPUIPlugin
2023-04-26 19:23:47,730 [INFO] PluginManager:220 - loadIPPluginJar : add sai
2023-04-26 19:23:47,775 [INFO] ThirdPartyUpdaterWithRetryManager:70 - Updater plugin not ready yet. [2/15]
2023-04-26 19:23:47,779 [INFO] IPUIPlugin:80 - create IPUIPlugin
2023-04-26 19:23:47,780 [INFO] PluginManager:220 - loadIPPluginJar : add spi
2023-04-26 19:23:47,852 [INFO] IPUIPlugin:80 - create IPUIPlugin
2023-04-26 19:23:47,853 [INFO] PluginManager:220 - loadIPPluginJar : add stm32_wpan
2023-04-26 19:23:47,880 [INFO] IPUIPlugin:80 - create IPUIPlugin
2023-04-26 19:23:47,880 [INFO] PluginManager:220 - loadIPPluginJar : add tim
2023-04-26 19:23:47,951 [INFO] IPUIPlugin:80 - create IPUIPlugin
2023-04-26 19:23:47,951 [INFO] PluginManager:220 - loadIPPluginJar : add touchsensing
2023-04-26 19:23:47,980 [INFO] IPUIPlugin:80 - create IPUIPlugin
2023-04-26 19:23:47,980 [INFO] PluginManager:220 - loadIPPluginJar : add tracer_emb
2023-04-26 19:23:48,008 [INFO] IPUIPlugin:80 - create IPUIPlugin
2023-04-26 19:23:48,009 [INFO] PluginManager:220 - loadIPPluginJar : add ts
2023-04-26 19:23:48,035 [INFO] IPUIPlugin:80 - create IPUIPlugin
2023-04-26 19:23:48,035 [INFO] PluginManager:220 - loadIPPluginJar : add tsc
2023-04-26 19:23:48,063 [INFO] IPUIPlugin:80 - create IPUIPlugin
2023-04-26 19:23:48,063 [INFO] PluginManager:220 - loadIPPluginJar : add ucpd
2023-04-26 19:23:48,116 [INFO] IPUIPlugin:80 - create IPUIPlugin
2023-04-26 19:23:48,117 [INFO] PluginManager:220 - loadIPPluginJar : add usart
2023-04-26 19:23:48,169 [INFO] IPUIPlugin:80 - create IPUIPlugin
2023-04-26 19:23:48,170 [INFO] PluginManager:220 - loadIPPluginJar : add usbx
2023-04-26 19:23:48,345 [INFO] CADModel:165 - CPN selected for project level
2023-04-26 19:23:48,345 [INFO] CADModel:114 - Register for checkConnection events
2023-04-26 19:23:48,346 [FATAL] Updater:308 - Updater called before beeing initialized
2023-04-26 19:23:48,346 [ERROR] CADModel:125 - Updater not yet initialized, retry later 
2023-04-26 19:23:48,621 [INFO] CADModel:165 - CPN selected for project level
2023-04-26 19:23:48,621 [INFO] CADModel:114 - Register for checkConnection events
2023-04-26 19:23:48,621 [FATAL] Updater:308 - Updater called before beeing initialized
2023-04-26 19:23:48,621 [ERROR] CADModel:125 - Updater not yet initialized, retry later 
2023-04-26 19:23:48,627 [FATAL] Updater:308 - Updater called before beeing initialized
2023-04-26 19:23:48,828 [FATAL] Updater:308 - Updater called before beeing initialized
2023-04-26 19:23:48,848 [INFO] DbMcusAds:53 - JSON generation date=Tue Mar 07 03:50:55 EST 2023 (1678179055335)
2023-04-26 19:23:48,848 [FATAL] Updater:308 - Updater called before beeing initialized
2023-04-26 19:23:48,962 [WARN] DetailPanel:346 - Failed to get advertising image, set to default
2023-04-26 19:23:49,133 [FATAL] Updater:308 - Updater called before beeing initialized
2023-04-26 19:23:49,137 [FATAL] Updater:308 - Updater called before beeing initialized
2023-04-26 19:23:49,138 [FATAL] Updater:308 - Updater called before beeing initialized
2023-04-26 19:23:49,138 [WARN] DetailPanel:346 - Failed to get advertising image, set to default
2023-04-26 19:23:49,139 [FATAL] Updater:308 - Updater called before beeing initialized
2023-04-26 19:23:49,246 [ERROR] Updater:1120 - MainUpdater not yet initialized. External WinMGr cannot be set.
2023-04-26 19:23:49,262 [INFO] Updater:1056 - Updater Version found : 6.8.0
2023-04-26 19:23:49,301 [INFO] ApplicationProperties:184 - Using Application install path: C:\ST\STM32CubeIDE_1.12.0\STM32CubeIDE\plugins\com.st.stm32cube.common.mx_6.8.0.202302231600
2023-04-26 19:23:49,821 [INFO] MainUpdater:2854 - connection check result : 10
2023-04-26 19:23:49,822 [INFO] MainUpdater:3548 - Updater definition file requires update
2023-04-26 19:23:49,824 [INFO] MainUpdater:283 - Updater Check For Update Now.
2023-04-26 19:23:49,826 [INFO] MicroXplorer:498 - Change Database Version : DB.6.0.80
2023-04-26 19:23:50,464 [INFO] ServerAccessManage:473 - Download File updaters.zip
2023-04-26 19:23:50,545 [INFO] FileExtend:240 - Unzip File : updaters.zip
2023-04-26 19:23:50,545 [INFO] FileExtend:255 - Standard Zip Deflate
2023-04-26 19:23:50,807 [WARN] MainUpdater:1187 - Updater busy. Cannot search thirdparties
2023-04-26 19:23:50,808 [INFO] ThirdPartyUpdaterWithRetryManager:96 - Updater plugin is busy. [1/15]
2023-04-26 19:23:51,645 [INFO] ServerAccessManage:473 - Download File PacksControlFlags.xml
2023-04-26 19:23:52,020 [INFO] ServerAccessManage:473 - Download File cubemx.pidx
2023-04-26 19:23:52,878 [INFO] ServerAccessManage:473 - Download File STMicroelectronics.X-CUBE-MEMS1.pdsc
2023-04-26 19:23:53,816 [WARN] MainUpdater:1187 - Updater busy. Cannot search thirdparties
2023-04-26 19:23:53,816 [INFO] ThirdPartyUpdaterWithRetryManager:96 - Updater plugin is busy. [2/15]
2023-04-26 19:23:54,120 [INFO] ServerAccessManage:473 - Download File STMicroelectronics.X-CUBE-AZRTOS-G4.pdsc
2023-04-26 19:23:54,636 [ERROR] ServerAccessManage:1096 - Problem, Http access forbiden
2023-04-26 19:23:54,638 [ERROR] ServerAccessManage:651 - Problem, Http access forbiden : RoweBots.I-CUBE-UNISONRTOS.pdsc.
2023-04-26 19:23:54,978 [WARN] PackLoader:240 - Cannot read IP mode file for STMicroelectronics.X-CUBE-MEMS1.9.6.0
2023-04-26 19:23:55,001 [INFO] CheckServerUpdateThread:120 - End of CheckServer Thread
2023-04-26 19:23:55,039 [INFO] MainUpdater:2854 - connection check result : 10
2023-04-26 19:23:55,056 [INFO] MainUpdater:2854 - connection check result : 10
2023-04-26 19:23:55,483 [WARN] PackLoader:240 - Cannot read IP mode file for STMicroelectronics.X-CUBE-AZRTOS-G4.2.0.0
2023-04-26 19:23:55,488 [INFO] PopulateThirdPartyThread:66 - Ending populate Thread
2023-04-26 19:23:55,497 [INFO] ThirdParty:1030 - CMSIS Pack Vendor :STMicroelectronics X-CUBE-AZRTOS-G4 2.0.0
2023-04-26 19:23:55,498 [INFO] ThirdParty:1030 - CMSIS Pack Vendor :STMicroelectronics X-CUBE-MEMS1 9.6.0
2023-04-26 19:23:55,498 [INFO] LoadServerUpdatesThread:373 - End of LoadServerUpdate Thread
2023-04-26 19:23:55,573 [INFO] MicroXplorer:468 - Change Database Path : 
2023-04-26 19:23:55,575 [INFO] MicroXplorer:498 - Change Database Version : DB.6.0.80
2023-04-26 19:23:55,576 [WARN] ThirdParty:871 - waiting for thirdparty lock release [close project]
2023-04-26 19:23:57,114 [WARN] PackLoader:240 - Cannot read IP mode file for STMicroelectronics.X-CUBE-GNSS1.6.0.0
2023-04-26 19:23:57,193 [WARN] PackLoader:240 - Cannot read IP mode file for STMicroelectronics.X-CUBE-AZRTOS-F4.1.1.0
2023-04-26 19:23:57,231 [WARN] PackLoader:240 - Cannot read IP mode file for STMicroelectronics.X-CUBE-SMBUS.2.1.0
2023-04-26 19:23:57,256 [WARN] PackLoader:240 - Cannot read IP mode file for wolfSSL.I-CUBE-wolfSSL.5.6.0
2023-04-26 19:23:57,317 [WARN] PackLoader:240 - Cannot read IP mode file for STMicroelectronics.X-CUBE-AZRTOS-F7.1.1.0
2023-04-26 19:23:57,452 [WARN] PackLoader:240 - Cannot read IP mode file for STMicroelectronics.X-CUBE-MEMS1.9.6.0
2023-04-26 19:23:57,721 [WARN] PackLoader:240 - Cannot read IP mode file for STMicroelectronics.X-CUBE-BLE1.6.2.4
2023-04-26 19:23:57,744 [WARN] PackLoader:240 - Cannot read IP mode file for emotas.I-CUBE-CANOPEN.1.1.3
2023-04-26 19:23:57,766 [WARN] PackLoader:240 - Cannot read IP mode file for STMicroelectronics.X-CUBE-BLEMGR.2.0.0
2023-04-26 19:23:57,816 [WARN] ConditionMgr:438 - getConditionDescription Invalid condition id : UX DEVICE CLASS RTOS Condition cause : null
2023-04-26 19:23:57,816 [WARN] ConditionMgr:438 - getConditionDescription Invalid condition id : UX DEVICE CLASS RTOS Condition cause : null
2023-04-26 19:23:57,821 [WARN] PackLoader:240 - Cannot read IP mode file for STMicroelectronics.X-CUBE-AZRTOS-H7.3.1.0
2023-04-26 19:23:57,823 [WARN] ConditionMgr:1039 - genDependencies : Invalid condition id : UX DEVICE CLASS RTOS Condition cause : null
2023-04-26 19:23:57,824 [WARN] ConditionMgr:1039 - genDependencies : Invalid condition id : UX DEVICE CLASS RTOS Condition cause : null
2023-04-26 19:23:57,826 [WARN] ConditionMgr:1039 - genDependencies : Invalid condition id : UX DEVICE CLASS RTOS Condition cause : null
2023-04-26 19:23:57,827 [WARN] ConditionMgr:1039 - genDependencies : Invalid condition id : UX DEVICE CLASS RTOS Condition cause : null
2023-04-26 19:23:57,827 [WARN] ConditionMgr:1039 - genDependencies : Invalid condition id : UX DEVICE CLASS RTOS Condition cause : null
2023-04-26 19:23:57,858 [WARN] PackLoader:240 - Cannot read IP mode file for STMicroelectronics.X-CUBE-DISPLAY.3.0.0
2023-04-26 19:23:57,893 [WARN] PackLoader:240 - Cannot read IP mode file for STMicroelectronics.X-CUBE-NFC7.1.0.0
2023-04-26 19:23:57,919 [WARN] PackLoader:240 - Cannot read IP mode file for STMicroelectronics.X-CUBE-EEPRMA1.4.1.0
2023-04-26 19:23:57,957 [WARN] PackLoader:240 - Cannot read IP mode file for WES.I-CUBE-Cesium.1.3.0
2023-04-26 19:23:57,991 [WARN] PackLoader:240 - Cannot read IP mode file for STMicroelectronics.X-CUBE-SFXS2LP1.4.0.0
2023-04-26 19:23:58,023 [WARN] PackLoader:240 - Cannot read IP mode file for STMicroelectronics.X-CUBE-BLE2.3.3.0
2023-04-26 19:23:58,054 [WARN] PackLoader:240 - Cannot read IP mode file for STMicroelectronics.X-CUBE-ISPU.1.1.0
2023-04-26 19:23:58,082 [WARN] PackLoader:240 - Cannot read IP mode file for STMicroelectronics.X-CUBE-AI.8.0.0
2023-04-26 19:23:58,109 [WARN] PackLoader:240 - Cannot read IP mode file for STMicroelectronics.X-CUBE-FREERTOS.1.0.1
2023-04-26 19:23:58,135 [WARN] PackLoader:240 - Cannot read IP mode file for STMicroelectronics.X-CUBE-TOUCHGFX.4.21.3
2023-04-26 19:23:58,178 [WARN] PackLoader:240 - Cannot read IP mode file for STMicroelectronics.X-CUBE-ALGOBUILD.1.3.0
2023-04-26 19:23:58,244 [WARN] PackLoader:240 - Cannot read IP mode file for STMicroelectronics.X-CUBE-AZRTOS-L5.1.1.0
2023-04-26 19:23:58,319 [WARN] PackLoader:240 - Cannot read IP mode file for STMicroelectronics.X-CUBE-AZRTOS-G0.1.1.0
2023-04-26 19:23:58,397 [WARN] PackLoader:240 - Cannot read IP mode file for STMicroelectronics.X-CUBE-SUBG2.5.0.0
2023-04-26 19:23:58,437 [WARN] PackLoader:240 - Cannot read IP mode file for STMicroelectronics.X-CUBE-NFC4.3.0.0
2023-04-26 19:23:58,467 [WARN] PackLoader:240 - Cannot read IP mode file for STMicroelectronics.X-CUBE-AZRTOS-G4.2.0.0
2023-04-26 19:23:58,519 [WARN] PackLoader:240 - Cannot read IP mode file for STMicroelectronics.X-CUBE-TOF1.3.3.0
2023-04-26 19:23:58,597 [WARN] PackLoader:240 - Cannot read IP mode file for STMicroelectronics.X-CUBE-AZRTOS-G4.1.0.0
2023-04-26 19:23:58,615 [WARN] PackLoader:240 - Cannot read IP mode file for STMicroelectronics.FP-ATR-SIGFOX1.3.2.0
2023-04-26 19:23:58,686 [WARN] PackLoader:240 - Cannot read IP mode file for STMicroelectronics.X-CUBE-AZRTOS-L4.1.0.0
2023-04-26 19:23:58,754 [WARN] PackLoader:240 - Cannot read IP mode file for STMicroelectronics.X-CUBE-AZRTOS-WL.1.0.0
2023-04-26 19:23:58,813 [WARN] PackLoader:240 - Cannot read IP mode file for portGmbH.I-Cube-SoM-uGOAL.1.1.0
2023-04-26 19:23:58,874 [WARN] PackLoader:240 - Cannot read IP mode file for STMicroelectronics.X-CUBE-ALS.1.0.1
2023-04-26 19:23:59,074 [WARN] PackLoader:240 - Cannot read IP mode file for STMicroelectronics.X-CUBE-MEMS1.9.5.0
2023-04-26 19:23:59,394 [WARN] PackLoader:240 - Cannot read IP mode file for STMicroelectronics.X-CUBE-AZRTOS-WB.1.1.0
2023-04-26 19:23:59,482 [WARN] PackLoader:240 - Cannot read IP mode file for SEGGER.I-CUBE-embOS.1.3.1
2023-04-26 19:23:59,605 [WARN] PackLoader:240 - Cannot read IP mode file for STMicroelectronics.FP-ATR-ASTRA1.2.0.0
2023-04-26 19:23:59,608 [INFO] ThirdParty:978 - Integrity check success = true
2023-04-26 19:23:59,609 [INFO] IntegrityCheckThread:100 - exiting critical section [integrity check]
2023-04-26 19:23:59,609 [INFO] ThirdParty:873 - entering critical section [close project]
2023-04-26 19:23:59,609 [INFO] IntegrityCheckThread:103 - End integrity checks thread
2023-04-26 19:23:59,612 [INFO] ThirdParty:883 - exiting critical section [close project]
2023-04-26 19:23:59,625 [INFO] PinOutPanel:1499 - setPackage(No Configuration,No Configuration)
2023-04-26 19:23:59,629 [INFO] UtilMem:75 - Begin LoadConfig() Used Memory: 171521672 Bytes (268435456)
2023-04-26 19:23:59,629 [INFO] MicroXplorer:468 - Change Database Path : 
2023-04-26 19:23:59,629 [INFO] MicroXplorer:498 - Change Database Version : DB.6.0.80
2023-04-26 19:23:59,629 [INFO] OpenFileManager:308 - Change cursor
2023-04-26 19:23:59,740 [INFO] Mcu:1937 - Initializing MCU STM32F103C(8-B)Tx STM32F103C8Tx STM32F103C8T6
2023-04-26 19:24:00,386 [ERROR] LogOutputStream:75 - [STDERR_REDIRECT] SLF4J: Failed to load class "org.slf4j.impl.StaticLoggerBinder".
2023-04-26 19:24:00,388 [ERROR] LogOutputStream:75 - [STDERR_REDIRECT] SLF4J: Defaulting to no-operation (NOP) logger implementation
2023-04-26 19:24:00,392 [ERROR] LogOutputStream:75 - [STDERR_REDIRECT] SLF4J: See http://www.slf4j.org/codes.html#StaticLoggerBinder for further details.
2023-04-26 19:24:03,229 [INFO] Context:659 - Trying to add GPIOservice into a context  which must be forbidden
2023-04-26 19:24:04,370 [INFO] RtosManager:555 - Registered RTOS mode: class=CMSIS, group=RTOS, mode=CMSIS_V1, owner=FREERTOS
2023-04-26 19:24:04,371 [INFO] RtosManager:555 - Registered RTOS mode: class=CMSIS, group=RTOS2, mode=CMSIS_V2, owner=FREERTOS
2023-04-26 19:24:04,372 [INFO] RtosManager:555 - Registered RTOS mode: class=RTOS, group=Core, mode=CMSIS_V1, owner=FREERTOS
2023-04-26 19:24:04,372 [INFO] RtosManager:555 - Registered RTOS mode: class=RTOS, group=Core, mode=CMSIS_V2, owner=FREERTOS
2023-04-26 19:24:04,373 [WARN] ModelIntegratedComponent:184 - Missing modes for component STMicroelectronics:FreeRTOS:0.0.1:STMicroelectronics:RTOS:FreeRTOS:Core:::10.2.0:
2023-04-26 19:24:04,415 [WARN] ModelIntegratedComponent:63 - No mode defined for component null
2023-04-26 19:24:04,415 [WARN] ModelIntegratedComponent:63 - No mode defined for component null
2023-04-26 19:24:04,415 [WARN] ModelIntegratedComponent:63 - No mode defined for component null
2023-04-26 19:24:04,416 [WARN] ModelIntegratedComponent:63 - No mode defined for component null
2023-04-26 19:24:04,416 [WARN] ModelIntegratedComponent:63 - No mode defined for component null
2023-04-26 19:24:04,416 [WARN] ModelIntegratedComponent:63 - No mode defined for component null
2023-04-26 19:24:04,416 [WARN] ModelIntegratedComponent:63 - No mode defined for component null
2023-04-26 19:24:04,416 [WARN] ModelIntegratedComponent:63 - No mode defined for component null
2023-04-26 19:24:04,417 [WARN] ModelIntegratedComponent:63 - No mode defined for component null
2023-04-26 19:24:04,417 [WARN] ModelIntegratedComponent:63 - No mode defined for component null
2023-04-26 19:24:04,417 [WARN] ModelIntegratedComponent:63 - No mode defined for component null
2023-04-26 19:24:04,417 [WARN] ModelIntegratedComponent:63 - No mode defined for component null
2023-04-26 19:24:04,417 [WARN] ModelIntegratedComponent:63 - No mode defined for component null
2023-04-26 19:24:04,417 [WARN] ModelIntegratedComponent:63 - No mode defined for component null
2023-04-26 19:24:04,417 [WARN] ModelIntegratedComponent:63 - No mode defined for component null
2023-04-26 19:24:04,418 [WARN] ModelIntegratedComponent:63 - No mode defined for component null
2023-04-26 19:24:04,418 [WARN] ModelIntegratedComponent:63 - No mode defined for component null
2023-04-26 19:24:04,418 [WARN] ModelIntegratedComponent:63 - No mode defined for component null
2023-04-26 19:24:04,418 [WARN] ModelIntegratedComponent:63 - No mode defined for component null
2023-04-26 19:24:04,418 [WARN] ModelIntegratedComponent:63 - No mode defined for component null
2023-04-26 19:24:04,419 [WARN] ModelIntegratedComponent:63 - No mode defined for component null
2023-04-26 19:24:04,419 [WARN] ModelIntegratedComponent:63 - No mode defined for component null
2023-04-26 19:24:04,419 [WARN] ModelIntegratedComponent:63 - No mode defined for component null
2023-04-26 19:24:04,419 [WARN] ModelIntegratedComponent:63 - No mode defined for component null
2023-04-26 19:24:04,419 [WARN] ModelIntegratedComponent:63 - No mode defined for component null
2023-04-26 19:24:04,419 [WARN] ModelIntegratedComponent:63 - No mode defined for component null
2023-04-26 19:24:04,419 [WARN] ModelIntegratedComponent:63 - No mode defined for component null
2023-04-26 19:24:04,419 [WARN] ModelIntegratedComponent:63 - No mode defined for component null
2023-04-26 19:24:04,420 [WARN] ModelIntegratedComponent:63 - No mode defined for component null
2023-04-26 19:24:04,420 [WARN] ModelIntegratedComponent:63 - No mode defined for component null
2023-04-26 19:24:04,420 [WARN] ModelIntegratedComponent:63 - No mode defined for component null
2023-04-26 19:24:04,420 [WARN] ModelIntegratedComponent:63 - No mode defined for component null
2023-04-26 19:24:04,421 [WARN] ModelIntegratedComponent:63 - No mode defined for component null
2023-04-26 19:24:04,626 [INFO] ThirdPartyModel:298 - Start build external matchings
2023-04-26 19:24:05,320 [INFO] ThirdPartyModel:316 - End build external matchings
2023-04-26 19:24:05,422 [INFO] ImportTextPane:194 - (OptionalMessage_ERROR) IP (DMA) : Parameter (Instance) has Id (TIM2_CH2/CH4) currently not set
2023-04-26 19:24:05,423 [INFO] ImportTextPane:194 - (OptionalMessage_ERROR) IP (DMA) : Parameter (Direction) has Id (TIM2_CH2/CH4) currently not set
2023-04-26 19:24:05,424 [INFO] ImportTextPane:194 - (OptionalMessage_ERROR) IP (DMA) : Parameter (PeriphInc) has Id (TIM2_CH2/CH4) currently not set
2023-04-26 19:24:05,424 [INFO] ImportTextPane:194 - (OptionalMessage_ERROR) IP (DMA) : Parameter (MemInc) has Id (TIM2_CH2/CH4) currently not set
2023-04-26 19:24:05,426 [INFO] ImportTextPane:194 - (OptionalMessage_ERROR) IP (DMA) : Parameter (PeriphDataAlignment) has Id (TIM2_CH2/CH4) currently not set
2023-04-26 19:24:05,427 [INFO] ImportTextPane:194 - (OptionalMessage_ERROR) IP (DMA) : Parameter (MemDataAlignment) has Id (TIM2_CH2/CH4) currently not set
2023-04-26 19:24:05,428 [INFO] ImportTextPane:194 - (OptionalMessage_ERROR) IP (DMA) : Parameter (Mode) has Id (TIM2_CH2/CH4) currently not set
2023-04-26 19:24:05,428 [INFO] ImportTextPane:194 - (OptionalMessage_ERROR) IP (DMA) : Parameter (Priority) has Id (TIM2_CH2/CH4) currently not set
2023-04-26 19:24:06,083 [INFO] UtilMem:75 - End LoadConfig() Used Memory: 257566176 Bytes (300941312)
2023-04-26 19:24:06,407 [INFO] ApiDb:581 - Connected to CubeFinder SQLite database (C:\Users\kking\.stmcufinder\plugins\mcufinder\mcu\cube-finder-db.db)
2023-04-26 19:24:06,567 [INFO] ApiDb:668 - CubeFinder database Data Model version=2.1
2023-04-26 19:24:06,568 [INFO] ApiDb:669 - CubeFinder database Configuration version=3.0.35
2023-04-26 19:24:06,569 [INFO] ApiDb:670 - CubeFinder database generation date=2023-03-10 (1678456172)
2023-04-26 19:24:06,570 [INFO] ApiDb:671 - CubeFinder database FW Pack versions=[FP-ATR-ASTRA1_V1.1.1, STM32Cube_FW_C0_V1.0.1, STM32Cube_FW_F0_V1.11.4, STM32Cube_FW_F3_V1.11.4, STM32Cube_FW_F4_V1.27.1, STM32Cube_FW_F7_V1.17.0, STM32Cube_FW_G0_V1.6.1, STM32Cube_FW_G4_V1.5.1, STM32Cube_FW_H5_V0.5.1, STM32Cube_FW_H5_V1.0.0, STM32Cube_FW_H7_V1.11.0, STM32Cube_FW_L0_V1.12.2, STM32Cube_FW_L5_V1.5.0, STM32Cube_FW_U5_V1.2.0, STM32Cube_FW_WBA_V1.0.0, STM32Cube_FW_WBA_V1.0.0RC1, STM32Cube_FW_WBA_V1.0.0RC3, STM32Cube_FW_WB_V1.15.0RC1, STM32Cube_FW_WB_V1.16.0, STM32Cube_FW_WB_V1.16.0RC2, STM32Cube_FW_WL_V1.3.0, X-CUBE-ALGOBUILD_V1.3.0, X-CUBE-ALS_V1.0.1, X-CUBE-AZRTOS-F4_V1.1.0, X-CUBE-AZRTOS-F7_V1.1.0, X-CUBE-AZRTOS-G0_V1.1.0, X-CUBE-AZRTOS-G4_V1.0.0, X-CUBE-AZRTOS-H7_V3.0.0, X-CUBE-AZRTOS-L4_V1.0.0, X-CUBE-AZRTOS-L5_V1.1.0, X-CUBE-AZRTOS-WB_V1.1.0, X-CUBE-AZRTOS-WL_V1.0.0, X-CUBE-BLE1_V6.2.4, X-CUBE-BLE2_V3.3.0, X-CUBE-BLEMGR_V1.3.0, X-CUBE-EEPRMA1_V4.1.0, X-CUBE-GNSS1_V6.0.0, X-CUBE-MEMS1_V9.1.0, X-CUBE-MEMS1_V9.4.0, X-CUBE-MEMS1_V9.5.0, X-CUBE-NFC4_V3.0.0, X-CUBE-NFC7_V1.0.0, X-CUBE-SFXS2LP1_V4.0.0, X-CUBE-SUBG2_V5.0.0]
2023-04-26 19:24:11,632 [INFO] ApiDb:240 - Found 297 in-development CPN: [B-G473E-ZEST1S, B-WB1M-WPAN1, B-WL5M-SUBG1, NUCLEO-C031C6, NUCLEO-H503RB, NUCLEO-H563ZI, NUCLEO-U545RE-Q, NUCLEO-U5A5ZJ-Q, NUCLEO-WBA52CG, STEVAL-PROTEUS1, STEVAL-STWINBX1, STM320518-EVAL, STM32C0116-DK, STM32C011D6Y3TR, STM32C011D6Y6TR, STM32C011F4P3, STM32C011F4P6, STM32C011F4U3, STM32C011F4U6TR, STM32C011F6P3, STM32C011F6P6, STM32C011F6U3, STM32C011F6U6TR, STM32C011J4M3, STM32C011J4M6, STM32C011J6M3, STM32C011J6M6, STM32C0316-DK, STM32C031C4T3, STM32C031C4T6, STM32C031C4U3, STM32C031C4U6, STM32C031C6T3, STM32C031C6T6, STM32C031C6U3, STM32C031C6U6, STM32C031F4P3, STM32C031F4P6, STM32C031F6P3, STM32C031F6P6, STM32C031G4U3, STM32C031G4U6, STM32C031G6U3, STM32C031G6U6, STM32C031K4T3, STM32C031K4T6, STM32C031K4U3, STM32C031K4U6, STM32C031K6T3, STM32C031K6T6, STM32C031K6U3, STM32C031K6U6, STM32G071K8TXN, STM32G071K8UXN, STM32G081GBU6N, STM32G081KBT6N, STM32G081KBUXN, STM32G0B1CCT6N, STM32G0B1KCT6, STM32G0B1NEY6TR, STM32G0B1RCT6N, STM32G0C1CCT6, STM32G0C1CCT6N, STM32G0C1CCU6N, STM32G0C1CET6N, STM32G0C1CEU6N, STM32G0C1KCT6, STM32G0C1NEY6TR, STM32G0C1RCI6N, STM32G0C1RCT6N, STM32G0C1REI6N, STM32G0C1RET6N, STM32G0C1VCI6, STM32G0C1VEI6, STM32G471CCT6, STM32G471CCU6, STM32G471CET3, STM32G471CET6, STM32G471CEU3, STM32G471CEU6, STM32G471MCT6, STM32G471MET3, STM32G471MET6, STM32G471MEY6TR, STM32G471QCT6, STM32G471QET3, STM32G471RCT6, STM32G471RET3, STM32G471RET6, STM32G471VCH6, STM32G471VCI6, STM32G471VCT6, STM32G471VEH3, STM32G471VEH6, STM32G471VEI3, STM32G471VEI6, STM32G471VET3, STM32G471VET6, STM32G474CCT6, STM32H503CBT6, STM32H503CBU6, STM32H503EBY6TR, STM32H503KBU6, STM32H503RBT6, STM32H562AGI6, STM32H562AII6, STM32H562IGK6, STM32H562IGT6, STM32H562IIK6, STM32H562IIT6, STM32H562RGT6, STM32H562RGV6, STM32H562RIT6, STM32H562RIV6, STM32H562VGT6, STM32H562VIT6, STM32H562ZGT6, STM32H562ZIT6, STM32H563AGI6, STM32H563AII3Q, STM32H563AII6, STM32H563IGK6, STM32H563IGT6, STM32H563IIK3Q, STM32H563IIK6, STM32H563IIT3Q, STM32H563IIT6, STM32H563MIY3QTR, STM32H563RGT6, STM32H563RGV6, STM32H563RIT6, STM32H563RIV6, STM32H563VGT6, STM32H563VIT3Q, STM32H563VIT6, STM32H563ZGT6, STM32H563ZIT3Q, STM32H563ZIT6, STM32H573AII3Q, STM32H573AII6, STM32H573I-DK, STM32H573IIK3Q, STM32H573IIK6, STM32H573IIT3Q, STM32H573IIT6, STM32H573MIY3QTR, STM32H573RIT6, STM32H573RIV6, STM32H573VIT3Q, STM32H573VIT6, STM32H573ZIT3Q, STM32H573ZIT6, STM32L4R5QGI6STR, STM32MP131AAE3, STM32MP131AAF3, STM32MP131AAG3, STM32MP131CAE3, STM32MP131CAF3, STM32MP131CAG3, STM32MP131DAE7, STM32MP131DAF7, STM32MP131DAG7, STM32MP131FAE7, STM32MP131FAF7, STM32MP131FAG7, STM32MP133AAE3, STM32MP133AAF3, STM32MP133AAG3, STM32MP133CAE3, STM32MP133CAF3, STM32MP133CAG3, STM32MP133DAE7, STM32MP133DAF7, STM32MP133DAG7, STM32MP133FAE7, STM32MP133FAF7, STM32MP133FAG7, STM32MP135AAE3, STM32MP135AAF3, STM32MP135AAG3, STM32MP135CAE3, STM32MP135CAF3, STM32MP135CAG3, STM32MP135DAE7, STM32MP135DAF7, STM32MP135DAG7, STM32MP135F-DK, STM32MP135FAE7, STM32MP135FAF7, STM32MP135FAF7T, STM32MP135FAF7U, STM32MP135FAG7, STM32U535CBT6, STM32U535CBT6Q, STM32U535CBU6, STM32U535CBU6Q, STM32U535CCT6, STM32U535CCT6Q, STM32U535CCU6, STM32U535CCU6Q, STM32U535CET6, STM32U535CET6Q, STM32U535CEU6, STM32U535CEU6Q, STM32U535JEY6QTR, STM32U535NCY6QTR, STM32U535NEY6QTR, STM32U535RBI6, STM32U535RBI6Q, STM32U535RBT6, STM32U535RBT6Q, STM32U535RCI6, STM32U535RCI6Q, STM32U535RCT6, STM32U535RCT6Q, STM32U535REI6, STM32U535REI6Q, STM32U535RET6, STM32U535RET6Q, STM32U535VCI6, STM32U535VCI6Q, STM32U535VCT6, STM32U535VCT6Q, STM32U535VEI6, STM32U535VEI6Q, STM32U535VET6, STM32U535VET6Q, STM32U545CET6, STM32U545CET6Q, STM32U545CEU6, STM32U545CEU6Q, STM32U545JEY6QTR, STM32U545NEY6QTR, STM32U545REI6, STM32U545REI6Q, STM32U545RET6, STM32U545RET6Q, STM32U545VEI6, STM32U545VEI6Q, STM32U545VET6, STM32U545VET6Q, STM32U595AIH6, STM32U595AIH6Q, STM32U595AJH6, STM32U595AJH6Q, STM32U595QII6, STM32U595QII6Q, STM32U595QJI6, STM32U595QJI6Q, STM32U595RIT6, STM32U595RIT6Q, STM32U595RJT6, STM32U595RJT6Q, STM32U595VIT6, STM32U595VIT6Q, STM32U595VJT6, STM32U595VJT6Q, STM32U595ZIT6, STM32U595ZIT6Q, STM32U595ZIY6QTR, STM32U595ZJT6, STM32U595ZJT6Q, STM32U595ZJY6QTR, STM32U599BJY6QTR, STM32U599NIH6Q, STM32U599NJH6Q, STM32U599VIT6Q, STM32U599VJT6, STM32U599VJT6Q, STM32U599ZIT6Q, STM32U599ZIY6QTR, STM32U599ZJT6Q, STM32U599ZJY6QTR, STM32U5A5AJH6, STM32U5A5AJH6Q, STM32U5A5QJI6, STM32U5A5QJI6Q, STM32U5A5RJT6, STM32U5A5RJT6Q, STM32U5A5VJT6, STM32U5A5VJT6Q, STM32U5A5ZJT6, STM32U5A5ZJT6Q, STM32U5A5ZJY6QTR, STM32U5A9BJY6QTR, STM32U5A9J-DK, STM32U5A9NJH6Q, STM32U5A9VJT6Q, STM32U5A9ZJT6Q, STM32U5A9ZJY6QTR, STM32WB1MMCH6, STM32WBA52CEU6, STM32WBA52CEU6T, STM32WBA52CGU6, STM32WBA52CGU6T, STM32WL5MOCH6, STM32WL5MOCH6TR]
2023-04-26 19:24:11,644 [INFO] DbMcus:216 - Found 3775 MCUs, 3775 are supported
2023-04-26 19:24:11,652 [INFO] ApiDb:423 - Load user favorites file C:\Users\kking/.stm32cubeide/favorites.mcus.txt: 0 item(s)
2023-04-26 19:24:11,653 [INFO] ApiDb:427 - User favorites MCUs=[]
2023-04-26 19:24:11,653 [INFO] DbMcus:222 - Set 0 / 0 favorites MCUs
2023-04-26 19:24:12,473 [WARN] ThirdParty:833 - waiting for thirdparty lock release [change project]
2023-04-26 19:24:12,485 [INFO] ThirdParty:835 - entering critical section [change project]
2023-04-26 19:24:12,486 [INFO] ThirdParty:1030 - CMSIS Pack Vendor :STMicroelectronics X-CUBE-ISPU 1.1.0
2023-04-26 19:24:12,487 [INFO] ThirdParty:1030 - CMSIS Pack Vendor :STMicroelectronics X-CUBE-GNSS1 6.0.0
2023-04-26 19:24:12,488 [INFO] ThirdParty:1030 - CMSIS Pack Vendor :STMicroelectronics USB_HOST 2.0.0
2023-04-26 19:24:12,488 [INFO] ThirdParty:1030 - CMSIS Pack Vendor :STMicroelectronics X-CUBE-AZRTOS-F4 1.1.0
2023-04-26 19:24:12,488 [INFO] ThirdParty:1030 - CMSIS Pack Vendor :STMicroelectronics LIBJPEG 8.0.0
2023-04-26 19:24:12,488 [INFO] ThirdParty:1030 - CMSIS Pack Vendor :STMicroelectronics X-CUBE-SMBUS 2.1.0
2023-04-26 19:24:12,488 [INFO] ThirdParty:1030 - CMSIS Pack Vendor :wolfSSL I-CUBE-wolfSSL 5.6.0
2023-04-26 19:24:12,489 [INFO] ThirdParty:1030 - CMSIS Pack Vendor :STMicroelectronics USB_DEVICE 3.0.0
2023-04-26 19:24:12,489 [INFO] ThirdParty:1030 - CMSIS Pack Vendor :STMicroelectronics X-CUBE-AI 8.0.0
2023-04-26 19:24:12,489 [INFO] ThirdParty:1030 - CMSIS Pack Vendor :STMicroelectronics X-CUBE-FREERTOS 1.0.1
2023-04-26 19:24:12,489 [INFO] ThirdParty:1030 - CMSIS Pack Vendor :STMicroelectronics X-CUBE-TOUCHGFX 4.21.3
2023-04-26 19:24:12,489 [INFO] ThirdParty:1030 - CMSIS Pack Vendor :STMicroelectronics X-CUBE-AZRTOS-F7 1.1.0
2023-04-26 19:24:12,489 [INFO] ThirdParty:1030 - CMSIS Pack Vendor :STMicroelectronics USB_DEVICE 2.0.0
2023-04-26 19:24:12,489 [INFO] ThirdParty:1030 - CMSIS Pack Vendor :STMicroelectronics X-CUBE-MEMS1 9.6.0
2023-04-26 19:24:12,489 [INFO] ThirdParty:1030 - CMSIS Pack Vendor :STMicroelectronics X-CUBE-ALGOBUILD 1.3.0
2023-04-26 19:24:12,489 [INFO] ThirdParty:1030 - CMSIS Pack Vendor :STMicroelectronics X-CUBE-BLE1 6.2.4
2023-04-26 19:24:12,490 [INFO] ThirdParty:1030 - CMSIS Pack Vendor :STMicroelectronics X-CUBE-AZRTOS-L5 1.1.0
2023-04-26 19:24:12,490 [INFO] ThirdParty:1030 - CMSIS Pack Vendor :STMicroelectronics FreeRTOS 0.0.1
2023-04-26 19:24:12,490 [INFO] ThirdParty:1030 - CMSIS Pack Vendor :emotas I-CUBE-CANOPEN 1.1.3
2023-04-26 19:24:12,490 [INFO] ThirdParty:1030 - CMSIS Pack Vendor :STMicroelectronics X-CUBE-AZRTOS-G0 1.1.0
2023-04-26 19:24:12,490 [INFO] ThirdParty:1030 - CMSIS Pack Vendor :STMicroelectronics X-CUBE-BLEMGR 2.0.0
2023-04-26 19:24:12,490 [INFO] ThirdParty:1030 - CMSIS Pack Vendor :STMicroelectronics X-CUBE-SUBG2 5.0.0
2023-04-26 19:24:12,490 [INFO] ThirdParty:1030 - CMSIS Pack Vendor :STMicroelectronics X-CUBE-NFC4 3.0.0
2023-04-26 19:24:12,490 [INFO] ThirdParty:1030 - CMSIS Pack Vendor :STMicroelectronics STM32_WPAN 1.0.0
2023-04-26 19:24:12,491 [INFO] ThirdParty:1030 - CMSIS Pack Vendor :STMicroelectronics lwIP 2.0.3
2023-04-26 19:24:12,491 [INFO] ThirdParty:1030 - CMSIS Pack Vendor :STMicroelectronics USB_HOST 1.0.0
2023-04-26 19:24:12,491 [INFO] ThirdParty:1030 - CMSIS Pack Vendor :STMicroelectronics X-CUBE-AZRTOS-G4 2.0.0
2023-04-26 19:24:12,491 [INFO] ThirdParty:1030 - CMSIS Pack Vendor :STMicroelectronics PDM2PCM 3.1.0
2023-04-26 19:24:12,492 [INFO] ThirdParty:1030 - CMSIS Pack Vendor :STMicroelectronics X-CUBE-AZRTOS-H7 3.1.0
2023-04-26 19:24:12,492 [INFO] ThirdParty:1030 - CMSIS Pack Vendor :STMicroelectronics X-CUBE-TOF1 3.3.0
2023-04-26 19:24:12,492 [INFO] ThirdParty:1030 - CMSIS Pack Vendor :STMicroelectronics PDM2PCM 3.3.0
2023-04-26 19:24:12,492 [INFO] ThirdParty:1030 - CMSIS Pack Vendor :STMicroelectronics X-CUBE-DISPLAY 3.0.0
2023-04-26 19:24:12,492 [INFO] ThirdParty:1030 - CMSIS Pack Vendor :STMicroelectronics X-CUBE-AZRTOS-G4 1.0.0
2023-04-26 19:24:12,493 [INFO] ThirdParty:1030 - CMSIS Pack Vendor :STMicroelectronics FP-ATR-SIGFOX1 3.2.0
2023-04-26 19:24:12,493 [INFO] ThirdParty:1030 - CMSIS Pack Vendor :STMicroelectronics X-CUBE-AZRTOS-L4 1.0.0
2023-04-26 19:24:12,493 [INFO] ThirdParty:1030 - CMSIS Pack Vendor :STMicroelectronics HAL Drivers 0.0.0
2023-04-26 19:24:12,493 [INFO] ThirdParty:1030 - CMSIS Pack Vendor :STMicroelectronics MBEDTLS 2.16.2
2023-04-26 19:24:12,493 [INFO] ThirdParty:1030 - CMSIS Pack Vendor :STMicroelectronics MBEDTLS 2.14.1
2023-04-26 19:24:12,493 [INFO] ThirdParty:1030 - CMSIS Pack Vendor :STMicroelectronics X-CUBE-NFC7 1.0.0
2023-04-26 19:24:12,493 [INFO] ThirdParty:1030 - CMSIS Pack Vendor :STMicroelectronics X-CUBE-AZRTOS-WL 1.0.0
2023-04-26 19:24:12,493 [INFO] ThirdParty:1030 - CMSIS Pack Vendor :STMicroelectronics X-CUBE-EEPRMA1 4.1.0
2023-04-26 19:24:12,494 [INFO] ThirdParty:1030 - CMSIS Pack Vendor :portGmbH I-Cube-SoM-uGOAL 1.1.0
2023-04-26 19:24:12,494 [INFO] ThirdParty:1030 - CMSIS Pack Vendor :STMicroelectronics X-CUBE-ALS 1.0.1
2023-04-26 19:24:12,494 [INFO] ThirdParty:1030 - CMSIS Pack Vendor :STMicroelectronics X-CUBE-MEMS1 9.5.0
2023-04-26 19:24:12,494 [INFO] ThirdParty:1030 - CMSIS Pack Vendor :STMicroelectronics ThreadX 1.0.0
2023-04-26 19:24:12,494 [INFO] ThirdParty:1030 - CMSIS Pack Vendor :STMicroelectronics X-CUBE-AZRTOS-WB 1.1.0
2023-04-26 19:24:12,494 [INFO] ThirdParty:1030 - CMSIS Pack Vendor :SEGGER I-CUBE-embOS 1.3.1
2023-04-26 19:24:12,494 [INFO] ThirdParty:1030 - CMSIS Pack Vendor :STMicroelectronics USB_DEVICE 1.0.0
2023-04-26 19:24:12,494 [INFO] ThirdParty:1030 - CMSIS Pack Vendor :STMicroelectronics ThreadX 0.0.2
2023-04-26 19:24:12,495 [INFO] ThirdParty:1030 - CMSIS Pack Vendor :WES I-CUBE-Cesium 1.3.0
2023-04-26 19:24:12,496 [INFO] ThirdParty:1030 - CMSIS Pack Vendor :STMicroelectronics FP-ATR-ASTRA1 2.0.0
2023-04-26 19:24:12,497 [INFO] ThirdParty:1030 - CMSIS Pack Vendor :STMicroelectronics lwIP 2.1.2
2023-04-26 19:24:12,497 [INFO] ThirdParty:1030 - CMSIS Pack Vendor :STMicroelectronics X-CUBE-SFXS2LP1 4.0.0
2023-04-26 19:24:12,498 [INFO] ThirdParty:1030 - CMSIS Pack Vendor :STMicroelectronics X-CUBE-BLE2 3.3.0
2023-04-26 19:24:12,498 [INFO] ThirdParty:1030 - CMSIS Pack Vendor :STMicroelectronics PDM2PCM 3.2.0
2023-04-26 19:24:12,499 [INFO] ThirdParty:841 - exiting critical section [change project]
2023-04-26 19:24:13,486 [INFO] PinOutPanel:1499 - setPackage(No Configuration,No Configuration)
2023-04-26 19:24:13,491 [INFO] PinOutPanel:1499 - setPackage(STM32F103C8Tx,LQFP48)
2023-04-26 19:24:14,674 [INFO] UtilMem:75 - Before build in PCC Used Memory: 274363104 Bytes (315621376)
2023-04-26 19:24:16,948 [INFO] UtilMem:75 - After build in PCC Used Memory: 266618360 Bytes (315621376)
2023-04-26 19:24:17,000 [INFO] IPUIPlugin:80 - create IPUIPlugin
2023-04-26 19:24:17,000 [INFO] IPUIPlugin:80 - create IPUIPlugin
2023-04-26 19:24:17,000 [INFO] IPUIPlugin:80 - create IPUIPlugin
2023-04-26 19:24:17,001 [INFO] IPUIPlugin:80 - create IPUIPlugin
2023-04-26 19:24:17,003 [INFO] IPUIPlugin:80 - create IPUIPlugin
2023-04-26 19:24:17,003 [INFO] IPUIPlugin:80 - create IPUIPlugin
2023-04-26 19:24:17,003 [INFO] IPUIPlugin:80 - create IPUIPlugin
2023-04-26 19:24:17,004 [INFO] IPUIPlugin:80 - create IPUIPlugin
2023-04-26 19:24:17,004 [INFO] IPUIPlugin:80 - create IPUIPlugin
2023-04-26 19:24:17,004 [INFO] IPUIPlugin:80 - create IPUIPlugin
2023-04-26 19:24:17,005 [INFO] IPUIPlugin:80 - create IPUIPlugin
2023-04-26 19:24:17,006 [INFO] IPUIPlugin:80 - create IPUIPlugin
2023-04-26 19:24:17,007 [INFO] IPUIPlugin:80 - create IPUIPlugin
2023-04-26 19:24:17,008 [INFO] IPUIPlugin:80 - create IPUIPlugin
2023-04-26 19:24:17,009 [INFO] IPUIPlugin:80 - create IPUIPlugin
2023-04-26 19:24:17,009 [INFO] IPUIPlugin:80 - create IPUIPlugin
2023-04-26 19:24:17,010 [INFO] IPUIPlugin:80 - create IPUIPlugin
2023-04-26 19:24:17,011 [INFO] IPUIPlugin:80 - create IPUIPlugin
2023-04-26 19:24:17,011 [INFO] IPUIPlugin:80 - create IPUIPlugin
2023-04-26 19:24:17,012 [INFO] IPUIPlugin:80 - create IPUIPlugin
2023-04-26 19:24:17,013 [INFO] IPUIPlugin:80 - create IPUIPlugin
2023-04-26 19:24:17,013 [INFO] IPUIPlugin:80 - create IPUIPlugin
2023-04-26 19:24:17,014 [INFO] IPUIPlugin:80 - create IPUIPlugin
2023-04-26 19:24:17,014 [INFO] IPUIPlugin:80 - create IPUIPlugin
2023-04-26 19:24:17,015 [INFO] IPUIPlugin:80 - create IPUIPlugin
2023-04-26 19:24:17,015 [INFO] IPUIPlugin:80 - create IPUIPlugin
2023-04-26 19:24:17,016 [INFO] IPUIPlugin:80 - create IPUIPlugin
2023-04-26 19:24:17,048 [WARN] IP:2113 - I2C_Coeff_DF not found: check if there is a RefParameter without a condition.
2023-04-26 19:24:17,048 [WARN] IP:2113 - Analog_Filter not found: check if there is a RefParameter without a condition.
2023-04-26 19:24:17,750 [INFO] CADModel:165 - CPN selected for project levelSTM32F103C8T6
2023-04-26 19:24:17,750 [INFO] CADModel:114 - Register for checkConnection events
2023-04-26 19:24:17,813 [INFO] OpenFileManager:328 - Restore cursor
2023-04-26 19:24:17,993 [WARN] IP:2113 - I2C_Coeff_DF not found: check if there is a RefParameter without a condition.
2023-04-26 19:24:17,993 [WARN] IP:2113 - Analog_Filter not found: check if there is a RefParameter without a condition.
2023-04-26 19:24:17,994 [WARN] IP:2113 - I2C_Coeff_DF not found: check if there is a RefParameter without a condition.
2023-04-26 19:24:17,994 [WARN] IP:2113 - Analog_Filter not found: check if there is a RefParameter without a condition.
